 23.02.2022 23:23:07 ***                          set_2 ***   55 ***     INFO *** ****************************************************************************************************
 23.02.2022 23:23:07 ***                          set_2 ***   56 ***     INFO *** Installed for logging set №2.
 23.02.2022 23:23:07 ***  get_json_data_from_local_file ***  179 ***     INFO *** Get JSON data from file [D:\JSON handler\inc\sample.json]...
 23.02.2022 23:23:07 ***  get_json_data_from_local_file ***  182 ***     INFO *** JSON data from file [D:\JSON handler\inc\sample.json] received.
 23.02.2022 23:23:07 ***          start_json_processing ***  152 ***     INFO *** Start asynchronous JSON data processing...
 23.02.2022 23:23:07 ***      standard_graph_processing ***  115 ***     INFO *** [CycleCheckElement_3] - Start asynchronous graph data processing...
 23.02.2022 23:23:07 ***      standard_graph_processing ***  124 ***     INFO *** [CycleCheckElement_3] | [RITA_ENV] - Start asynchronous var data processing...
 23.02.2022 23:23:08 ***      standard_graph_processing ***  115 ***     INFO *** [CycleCheckElement] - Start asynchronous graph data processing...
 23.02.2022 23:23:08 ***      standard_graph_processing ***  124 ***     INFO *** [CycleCheckElement] | [RITA_ENV] - Start asynchronous var data processing...
 23.02.2022 23:23:08 ***      standard_graph_processing ***  115 ***     INFO *** [CycleCheckElement_2] - Start asynchronous graph data processing...
 23.02.2022 23:23:08 ***      standard_graph_processing ***  124 ***     INFO *** [CycleCheckElement_2] | [RITA_ENV] - Start asynchronous var data processing...
 23.02.2022 23:23:08 ***      standard_graph_processing ***  129 ***     INFO *** [CycleCheckElement] | [RITA_ENV] - Asynchronous processing of var data completed.
 23.02.2022 23:23:08 ***      standard_graph_processing ***  124 ***     INFO *** [CycleCheckElement] | [exists] - Start asynchronous var data processing...
 23.02.2022 23:23:08 ***      standard_graph_processing ***  129 ***     INFO *** [CycleCheckElement] | [exists] - Asynchronous processing of var data completed.
 23.02.2022 23:23:08 ***      standard_graph_processing ***  124 ***     INFO *** [CycleCheckElement] | [element] - Start asynchronous var data processing...
 23.02.2022 23:23:08 ***      standard_graph_processing ***  129 ***     INFO *** [CycleCheckElement_3] | [RITA_ENV] - Asynchronous processing of var data completed.
 23.02.2022 23:23:08 ***      standard_graph_processing ***  124 ***     INFO *** [CycleCheckElement_3] | [exists] - Start asynchronous var data processing...
 23.02.2022 23:23:09 ***      standard_graph_processing ***  129 ***     INFO *** [CycleCheckElement_2] | [RITA_ENV] - Asynchronous processing of var data completed.
 23.02.2022 23:23:09 ***      standard_graph_processing ***  124 ***     INFO *** [CycleCheckElement_2] | [exists] - Start asynchronous var data processing...
 23.02.2022 23:23:09 ***      standard_graph_processing ***  129 ***     INFO *** [CycleCheckElement_3] | [exists] - Asynchronous processing of var data completed.
 23.02.2022 23:23:09 ***      standard_graph_processing ***  124 ***     INFO *** [CycleCheckElement_3] | [element] - Start asynchronous var data processing...
 23.02.2022 23:23:09 ***      standard_graph_processing ***  129 ***     INFO *** [CycleCheckElement] | [element] - Asynchronous processing of var data completed.
 23.02.2022 23:23:09 ***      standard_graph_processing ***  124 ***     INFO *** [CycleCheckElement] | [ex] - Start asynchronous var data processing...
 23.02.2022 23:23:09 ***      standard_graph_processing ***  129 ***     INFO *** [CycleCheckElement_2] | [exists] - Asynchronous processing of var data completed.
 23.02.2022 23:23:09 ***      standard_graph_processing ***  124 ***     INFO *** [CycleCheckElement_2] | [element] - Start asynchronous var data processing...
 23.02.2022 23:23:09 ***      standard_graph_processing ***  129 ***     INFO *** [CycleCheckElement_3] | [element] - Asynchronous processing of var data completed.
 23.02.2022 23:23:09 ***      standard_graph_processing ***  124 ***     INFO *** [CycleCheckElement_3] | [ex] - Start asynchronous var data processing...
 23.02.2022 23:23:09 ***      standard_graph_processing ***  129 ***     INFO *** [CycleCheckElement_2] | [element] - Asynchronous processing of var data completed.
 23.02.2022 23:23:09 ***      standard_graph_processing ***  124 ***     INFO *** [CycleCheckElement_2] | [ex] - Start asynchronous var data processing...
 23.02.2022 23:23:09 ***      standard_graph_processing ***  129 ***     INFO *** [CycleCheckElement] | [ex] - Asynchronous processing of var data completed.
 23.02.2022 23:23:09 ***      standard_graph_processing ***  124 ***     INFO *** [CycleCheckElement] | [title] - Start asynchronous var data processing...
 23.02.2022 23:23:10 ***      standard_graph_processing ***  129 ***     INFO *** [CycleCheckElement_2] | [ex] - Asynchronous processing of var data completed.
 23.02.2022 23:23:10 ***      standard_graph_processing ***  124 ***     INFO *** [CycleCheckElement_2] | [title] - Start asynchronous var data processing...
 23.02.2022 23:23:10 ***      standard_graph_processing ***  129 ***     INFO *** [CycleCheckElement_2] | [title] - Asynchronous processing of var data completed.
 23.02.2022 23:23:10 ***      standard_graph_processing ***  135 ***     INFO *** [CycleCheckElement_2] | [base.start] - Start asynchronous node data processing...
 23.02.2022 23:23:10 ***      standard_graph_processing ***  129 ***     INFO *** [CycleCheckElement_3] | [ex] - Asynchronous processing of var data completed.
 23.02.2022 23:23:10 ***      standard_graph_processing ***  124 ***     INFO *** [CycleCheckElement_3] | [title] - Start asynchronous var data processing...
 23.02.2022 23:23:10 ***               __check_node_ref ***   75 ***     INFO *** Checking the "ref" tag...
 23.02.2022 23:23:10 ***               __check_node_ref ***   83 ***     INFO *** The "ref" tag validation completed.
 23.02.2022 23:23:10 ***      standard_graph_processing ***  140 ***     INFO *** [CycleCheckElement_2] | [base.start] - Asynchronous processing of node data completed.
 23.02.2022 23:23:10 ***      standard_graph_processing ***  135 ***     INFO *** [CycleCheckElement_2] | [base.finish] - Start asynchronous node data processing...
 23.02.2022 23:23:10 ***      standard_graph_processing ***  129 ***     INFO *** [CycleCheckElement] | [title] - Asynchronous processing of var data completed.
 23.02.2022 23:23:10 ***      standard_graph_processing ***  135 ***     INFO *** [CycleCheckElement] | [base.start] - Start asynchronous node data processing...
 23.02.2022 23:23:11 ***      standard_graph_processing ***  129 ***     INFO *** [CycleCheckElement_3] | [title] - Asynchronous processing of var data completed.
 23.02.2022 23:23:11 ***      standard_graph_processing ***  135 ***     INFO *** [CycleCheckElement_3] | [base.start] - Start asynchronous node data processing...
 23.02.2022 23:23:11 ***               __check_node_ref ***   75 ***     INFO *** Checking the "ref" tag...
 23.02.2022 23:23:11 ***               __check_node_ref ***   83 ***     INFO *** The "ref" tag validation completed.
 23.02.2022 23:23:11 ***      standard_graph_processing ***  140 ***     INFO *** [CycleCheckElement] | [base.start] - Asynchronous processing of node data completed.
 23.02.2022 23:23:11 ***      standard_graph_processing ***  135 ***     INFO *** [CycleCheckElement] | [base.finish] - Start asynchronous node data processing...
 23.02.2022 23:23:11 ***               __check_node_ref ***   75 ***     INFO *** Checking the "ref" tag...
 23.02.2022 23:23:11 ***               __check_node_ref ***   83 ***     INFO *** The "ref" tag validation completed.
 23.02.2022 23:23:11 ***      standard_graph_processing ***  140 ***     INFO *** [CycleCheckElement] | [base.finish] - Asynchronous processing of node data completed.
 23.02.2022 23:23:11 ***      standard_graph_processing ***  135 ***     INFO *** [CycleCheckElement] | [base.loop_while] - Start asynchronous node data processing...
 23.02.2022 23:23:11 ***               __check_node_ref ***   75 ***     INFO *** Checking the "ref" tag...
 23.02.2022 23:23:11 ***               __check_node_ref ***   83 ***     INFO *** The "ref" tag validation completed.
 23.02.2022 23:23:11 ***      standard_graph_processing ***  140 ***     INFO *** [CycleCheckElement] | [base.loop_while] - Asynchronous processing of node data completed.
 23.02.2022 23:23:11 ***      standard_graph_processing ***  135 ***     INFO *** [CycleCheckElement] | [ui.element_exists] - Start asynchronous node data processing...
 23.02.2022 23:23:11 ***               __check_node_ref ***   75 ***     INFO *** Checking the "ref" tag...
 23.02.2022 23:23:11 ***               __check_node_ref ***   83 ***     INFO *** The "ref" tag validation completed.
 23.02.2022 23:23:11 ***      standard_graph_processing ***  140 ***     INFO *** [CycleCheckElement_2] | [base.finish] - Asynchronous processing of node data completed.
 23.02.2022 23:23:11 ***      standard_graph_processing ***  135 ***     INFO *** [CycleCheckElement_2] | [base.loop_while] - Start asynchronous node data processing...
 23.02.2022 23:23:11 ***               __check_node_ref ***   75 ***     INFO *** Checking the "ref" tag...
 23.02.2022 23:23:11 ***               __check_node_ref ***   83 ***     INFO *** The "ref" tag validation completed.
 23.02.2022 23:23:11 ***      standard_graph_processing ***  140 ***     INFO *** [CycleCheckElement_3] | [base.start] - Asynchronous processing of node data completed.
 23.02.2022 23:23:11 ***      standard_graph_processing ***  135 ***     INFO *** [CycleCheckElement_3] | [base.finish] - Start asynchronous node data processing...
 23.02.2022 23:23:11 ***               __check_node_ref ***   75 ***     INFO *** Checking the "ref" tag...
 23.02.2022 23:23:11 ***               __check_node_ref ***   83 ***     INFO *** The "ref" tag validation completed.
 23.02.2022 23:23:11 ***      standard_graph_processing ***  140 ***     INFO *** [CycleCheckElement] | [ui.element_exists] - Asynchronous processing of node data completed.
 23.02.2022 23:23:11 ***      standard_graph_processing ***  135 ***     INFO *** [CycleCheckElement] | [base.console_output] - Start asynchronous node data processing...
 23.02.2022 23:23:11 ***               __check_node_ref ***   75 ***     INFO *** Checking the "ref" tag...
 23.02.2022 23:23:11 ***               __check_node_ref ***   83 ***     INFO *** The "ref" tag validation completed.
 23.02.2022 23:23:11 ***      standard_graph_processing ***  140 ***     INFO *** [CycleCheckElement_3] | [base.finish] - Asynchronous processing of node data completed.
 23.02.2022 23:23:11 ***      standard_graph_processing ***  135 ***     INFO *** [CycleCheckElement_3] | [base.loop_while] - Start asynchronous node data processing...
 23.02.2022 23:23:11 ***               __check_node_ref ***   75 ***     INFO *** Checking the "ref" tag...
 23.02.2022 23:23:11 ***               __check_node_ref ***   83 ***     INFO *** The "ref" tag validation completed.
 23.02.2022 23:23:11 ***      standard_graph_processing ***  140 ***     INFO *** [CycleCheckElement_3] | [base.loop_while] - Asynchronous processing of node data completed.
 23.02.2022 23:23:11 ***      standard_graph_processing ***  135 ***     INFO *** [CycleCheckElement_3] | [ui.element_exists] - Start asynchronous node data processing...
 23.02.2022 23:23:11 ***               __check_node_ref ***   75 ***     INFO *** Checking the "ref" tag...
 23.02.2022 23:23:11 ***               __check_node_ref ***   83 ***     INFO *** The "ref" tag validation completed.
 23.02.2022 23:23:11 ***      standard_graph_processing ***  140 ***     INFO *** [CycleCheckElement] | [base.console_output] - Asynchronous processing of node data completed.
 23.02.2022 23:23:11 ***      standard_graph_processing ***  135 ***     INFO *** [CycleCheckElement] | [base.delay] - Start asynchronous node data processing...
 23.02.2022 23:23:12 ***               __check_node_ref ***   75 ***     INFO *** Checking the "ref" tag...
 23.02.2022 23:23:12 ***               __check_node_ref ***   83 ***     INFO *** The "ref" tag validation completed.
 23.02.2022 23:23:12 ***      standard_graph_processing ***  140 ***     INFO *** [CycleCheckElement_2] | [base.loop_while] - Asynchronous processing of node data completed.
 23.02.2022 23:23:12 ***      standard_graph_processing ***  135 ***     INFO *** [CycleCheckElement_2] | [ui.element_exists] - Start asynchronous node data processing...
 23.02.2022 23:23:12 ***               __check_node_ref ***   75 ***     INFO *** Checking the "ref" tag...
 23.02.2022 23:23:12 ***               __check_node_ref ***   83 ***     INFO *** The "ref" tag validation completed.
 23.02.2022 23:23:12 ***      standard_graph_processing ***  140 ***     INFO *** [CycleCheckElement_3] | [ui.element_exists] - Asynchronous processing of node data completed.
 23.02.2022 23:23:12 ***      standard_graph_processing ***  135 ***     INFO *** [CycleCheckElement_3] | [base.console_output] - Start asynchronous node data processing...
 23.02.2022 23:23:12 ***               __check_node_ref ***   75 ***     INFO *** Checking the "ref" tag...
 23.02.2022 23:23:12 ***               __check_node_ref ***   83 ***     INFO *** The "ref" tag validation completed.
 23.02.2022 23:23:12 ***      standard_graph_processing ***  140 ***     INFO *** [CycleCheckElement] | [base.delay] - Asynchronous processing of node data completed.
 23.02.2022 23:23:12 ***      standard_graph_processing ***  135 ***     INFO *** [CycleCheckElement] | [ui.wait_element_appear] - Start asynchronous node data processing...
 23.02.2022 23:23:12 ***               __check_node_ref ***   75 ***     INFO *** Checking the "ref" tag...
 23.02.2022 23:23:12 ***               __check_node_ref ***   83 ***     INFO *** The "ref" tag validation completed.
 23.02.2022 23:23:12 ***      standard_graph_processing ***  140 ***     INFO *** [CycleCheckElement] | [ui.wait_element_appear] - Asynchronous processing of node data completed.
 23.02.2022 23:23:12 ***      standard_graph_processing ***  135 ***     INFO *** [CycleCheckElement] | [base.try_catch] - Start asynchronous node data processing...
 23.02.2022 23:23:12 ***               __check_node_ref ***   75 ***     INFO *** Checking the "ref" tag...
 23.02.2022 23:23:12 ***               __check_node_ref ***   83 ***     INFO *** The "ref" tag validation completed.
 23.02.2022 23:23:12 ***      standard_graph_processing ***  140 ***     INFO *** [CycleCheckElement_2] | [ui.element_exists] - Asynchronous processing of node data completed.
 23.02.2022 23:23:12 ***      standard_graph_processing ***  135 ***     INFO *** [CycleCheckElement_2] | [base.console_output] - Start asynchronous node data processing...
 23.02.2022 23:23:13 ***               __check_node_ref ***   75 ***     INFO *** Checking the "ref" tag...
 23.02.2022 23:23:13 ***               __check_node_ref ***   83 ***     INFO *** The "ref" tag validation completed.
 23.02.2022 23:23:13 ***      standard_graph_processing ***  140 ***     INFO *** [CycleCheckElement_3] | [base.console_output] - Asynchronous processing of node data completed.
 23.02.2022 23:23:13 ***      standard_graph_processing ***  135 ***     INFO *** [CycleCheckElement_3] | [base.delay] - Start asynchronous node data processing...
 23.02.2022 23:23:13 ***               __check_node_ref ***   75 ***     INFO *** Checking the "ref" tag...
 23.02.2022 23:23:13 ***               __check_node_ref ***   83 ***     INFO *** The "ref" tag validation completed.
 23.02.2022 23:23:13 ***      standard_graph_processing ***  140 ***     INFO *** [CycleCheckElement_2] | [base.console_output] - Asynchronous processing of node data completed.
 23.02.2022 23:23:13 ***      standard_graph_processing ***  135 ***     INFO *** [CycleCheckElement_2] | [base.delay] - Start asynchronous node data processing...
 23.02.2022 23:23:13 ***               __check_node_ref ***   75 ***     INFO *** Checking the "ref" tag...
 23.02.2022 23:23:13 ***               __check_node_ref ***   83 ***     INFO *** The "ref" tag validation completed.
 23.02.2022 23:23:13 ***      standard_graph_processing ***  140 ***     INFO *** [CycleCheckElement] | [base.try_catch] - Asynchronous processing of node data completed.
 23.02.2022 23:23:13 ***      standard_graph_processing ***  135 ***     INFO *** [CycleCheckElement] | [base.console_output] - Start asynchronous node data processing...
 23.02.2022 23:23:13 ***               __check_node_ref ***   75 ***     INFO *** Checking the "ref" tag...
 23.02.2022 23:23:13 ***               __check_node_ref ***   83 ***     INFO *** The "ref" tag validation completed.
 23.02.2022 23:23:13 ***      standard_graph_processing ***  140 ***     INFO *** [CycleCheckElement_3] | [base.delay] - Asynchronous processing of node data completed.
 23.02.2022 23:23:13 ***      standard_graph_processing ***  135 ***     INFO *** [CycleCheckElement_3] | [ui.wait_element_appear] - Start asynchronous node data processing...
 23.02.2022 23:23:13 ***               __check_node_ref ***   75 ***     INFO *** Checking the "ref" tag...
 23.02.2022 23:23:13 ***               __check_node_ref ***   83 ***     INFO *** The "ref" tag validation completed.
 23.02.2022 23:23:13 ***      standard_graph_processing ***  140 ***     INFO *** [CycleCheckElement_3] | [ui.wait_element_appear] - Asynchronous processing of node data completed.
 23.02.2022 23:23:13 ***      standard_graph_processing ***  135 ***     INFO *** [CycleCheckElement_3] | [base.try_catch] - Start asynchronous node data processing...
 23.02.2022 23:23:14 ***               __check_node_ref ***   75 ***     INFO *** Checking the "ref" tag...
 23.02.2022 23:23:14 ***               __check_node_ref ***   83 ***     INFO *** The "ref" tag validation completed.
 23.02.2022 23:23:14 ***      standard_graph_processing ***  140 ***     INFO *** [CycleCheckElement_2] | [base.delay] - Asynchronous processing of node data completed.
 23.02.2022 23:23:14 ***      standard_graph_processing ***  135 ***     INFO *** [CycleCheckElement_2] | [ui.wait_element_appear] - Start asynchronous node data processing...
 23.02.2022 23:23:14 ***               __check_node_ref ***   75 ***     INFO *** Checking the "ref" tag...
 23.02.2022 23:23:14 ***               __check_node_ref ***   83 ***     INFO *** The "ref" tag validation completed.
 23.02.2022 23:23:14 ***      standard_graph_processing ***  140 ***     INFO *** [CycleCheckElement_3] | [base.try_catch] - Asynchronous processing of node data completed.
 23.02.2022 23:23:14 ***      standard_graph_processing ***  135 ***     INFO *** [CycleCheckElement_3] | [base.console_output] - Start asynchronous node data processing...
 23.02.2022 23:23:14 ***               __check_node_ref ***   75 ***     INFO *** Checking the "ref" tag...
 23.02.2022 23:23:14 ***               __check_node_ref ***   83 ***     INFO *** The "ref" tag validation completed.
 23.02.2022 23:23:14 ***      standard_graph_processing ***  140 ***     INFO *** [CycleCheckElement_2] | [ui.wait_element_appear] - Asynchronous processing of node data completed.
 23.02.2022 23:23:14 ***      standard_graph_processing ***  135 ***     INFO *** [CycleCheckElement_2] | [base.try_catch] - Start asynchronous node data processing...
 23.02.2022 23:23:14 ***               __check_node_ref ***   75 ***     INFO *** Checking the "ref" tag...
 23.02.2022 23:23:14 ***               __check_node_ref ***   83 ***     INFO *** The "ref" tag validation completed.
 23.02.2022 23:23:14 ***      standard_graph_processing ***  140 ***     INFO *** [CycleCheckElement] | [base.console_output] - Asynchronous processing of node data completed.
 23.02.2022 23:23:14 ***      standard_graph_processing ***  143 ***     INFO *** 

Граф: CycleCheckElement, 5fcb5e89-3bab-4282-b9db-1b2dac346930
Список переменных:
f7d06b6b-c7bc-40d2-817d-65a7ffc59e67, RITA_ENV, base.dictionary
b19dbe2f-dcfb-4685-8100-667fd288bd00, exists, base.bool
e1070d55-ce67-4e05-a556-3d73beb69a43, element, object.uiElement
83c8f615-09e8-4274-930b-8bd571598053, ex, object.exception
13cd730a-00e2-4485-ab0e-5fd45f3992c2, title, base.string
Список нод:
34aa6278-febc-4e41-ba59-e10d7af57d5c, base.start, 
e77fc44e-def7-4708-bbd1-c06bf8d06c5a, base.finish, 
18be87a7-5145-421d-be89-d3456e26083d, base.loop_while, condition, loop_mode
8cedd230-f1ba-44f2-a96a-e4e767034772, ui.element_exists, selector, element, app_window, timeout, wait_for_ready, exists
e2f9e896-6dff-4057-92f8-fa9fba115a90, base.console_output, entity, level, send_to_orchestrator
308412ba-2b1e-4fd4-872e-a0ef283aa2b8, base.delay, duration
8e9abede-ac37-4806-9346-6c95961b2dfb, ui.wait_element_appear, selector, element, app_window, appear_mode, timeout, wait_for_ready, continue_on_error, found_element
052e084b-0ec6-4a7e-a073-cf556c341320, base.try_catch, exception
8d49fb9a-29f0-4d18-9540-7ff937dadebe, base.console_output, entity, level, send_to_orchestrator

 23.02.2022 23:23:14 ***      standard_graph_processing ***  144 ***     INFO *** [CycleCheckElement] - Asynchronous processing of graph data completed.
 23.02.2022 23:23:14 ***               __check_node_ref ***   75 ***     INFO *** Checking the "ref" tag...
 23.02.2022 23:23:14 ***               __check_node_ref ***   83 ***     INFO *** The "ref" tag validation completed.
 23.02.2022 23:23:14 ***      standard_graph_processing ***  140 ***     INFO *** [CycleCheckElement_3] | [base.console_output] - Asynchronous processing of node data completed.
 23.02.2022 23:23:14 ***      standard_graph_processing ***  143 ***     INFO *** 

Граф: CycleCheckElement_3, 33cb2e21-3333-test-b9db-1b2dac346930
Список переменных:
f7d06b6b-c7bc-40d2-817d-65a7ffc59e67, RITA_ENV, base.dictionary
b19dbe2f-dcfb-4685-8100-667fd288bd00, exists, base.bool
e1070d55-ce67-4e05-a556-3d73beb69a43, element, object.uiElement
83c8f615-09e8-4274-930b-8bd571598053, ex, object.exception
13cd730a-00e2-4485-ab0e-5fd45f3992c2, title, base.string
Список нод:
34aa6278-febc-4e41-ba59-e10d7af57d5c, base.start, 
e77fc44e-def7-4708-bbd1-c06bf8d06c5a, base.finish, 
18be87a7-5145-421d-be89-d3456e26083d, base.loop_while, condition, loop_mode
8cedd230-f1ba-44f2-a96a-e4e767034772, ui.element_exists, selector, element, app_window, timeout, wait_for_ready, exists
e2f9e896-6dff-4057-92f8-fa9fba115a90, base.console_output, entity, level, send_to_orchestrator
308412ba-2b1e-4fd4-872e-a0ef283aa2b8, base.delay, duration
8e9abede-ac37-4806-9346-6c95961b2dfb, ui.wait_element_appear, selector, element, app_window, appear_mode, timeout, wait_for_ready, continue_on_error, found_element
052e084b-0ec6-4a7e-a073-cf556c341320, base.try_catch, exception
8d49fb9a-29f0-4d18-9540-7ff937dadebe, base.console_output, entity, level, send_to_orchestrator

 23.02.2022 23:23:14 ***      standard_graph_processing ***  144 ***     INFO *** [CycleCheckElement_3] - Asynchronous processing of graph data completed.
 23.02.2022 23:23:14 ***               __check_node_ref ***   75 ***     INFO *** Checking the "ref" tag...
 23.02.2022 23:23:14 ***               __check_node_ref ***   83 ***     INFO *** The "ref" tag validation completed.
 23.02.2022 23:23:14 ***      standard_graph_processing ***  140 ***     INFO *** [CycleCheckElement_2] | [base.try_catch] - Asynchronous processing of node data completed.
 23.02.2022 23:23:14 ***      standard_graph_processing ***  135 ***     INFO *** [CycleCheckElement_2] | [base.console_output] - Start asynchronous node data processing...
 23.02.2022 23:23:15 ***               __check_node_ref ***   75 ***     INFO *** Checking the "ref" tag...
 23.02.2022 23:23:15 ***               __check_node_ref ***   83 ***     INFO *** The "ref" tag validation completed.
 23.02.2022 23:23:15 ***      standard_graph_processing ***  140 ***     INFO *** [CycleCheckElement_2] | [base.console_output] - Asynchronous processing of node data completed.
 23.02.2022 23:23:15 ***      standard_graph_processing ***  143 ***     INFO *** 

Граф: CycleCheckElement_2, 2fcb3e46-3bab-4282-b9db-1b2dac346930
Список переменных:
f7d06b6b-c7bc-40d2-817d-65a7ffc59e67, RITA_ENV, base.dictionary
b19dbe2f-dcfb-4685-8100-667fd288bd00, exists, base.bool
e1070d55-ce67-4e05-a556-3d73beb69a43, element, object.uiElement
83c8f615-09e8-4274-930b-8bd571598053, ex, object.exception
13cd730a-00e2-4485-ab0e-5fd45f3992c2, title, base.string
Список нод:
34aa6278-febc-4e41-ba59-e10d7af57d5c, base.start, 
e77fc44e-def7-4708-bbd1-c06bf8d06c5a, base.finish, 
18be87a7-5145-421d-be89-d3456e26083d, base.loop_while, condition, loop_mode
8cedd230-f1ba-44f2-a96a-e4e767034772, ui.element_exists, selector, element, app_window, timeout, wait_for_ready, exists
e2f9e896-6dff-4057-92f8-fa9fba115a90, base.console_output, entity, level, send_to_orchestrator
308412ba-2b1e-4fd4-872e-a0ef283aa2b8, base.delay, duration
8e9abede-ac37-4806-9346-6c95961b2dfb, ui.wait_element_appear, selector, element, app_window, appear_mode, timeout, wait_for_ready, continue_on_error, found_element
052e084b-0ec6-4a7e-a073-cf556c341320, base.try_catch, exception
8d49fb9a-29f0-4d18-9540-7ff937dadebe, base.console_output, entity, level, send_to_orchestrator

 23.02.2022 23:23:15 ***      standard_graph_processing ***  144 ***     INFO *** [CycleCheckElement_2] - Asynchronous processing of graph data completed.
 23.02.2022 23:23:15 ***          start_json_processing ***  167 ***     INFO *** Asynchronous processing of JSON data completed.
 23.02.2022 23:23:15 ***                       <module> ***   19 ***     INFO *** ЗАТРАЧЕННОЕ ВРЕМЯ: [9.226270097] сек.
